<?xml version="1.0" encoding="UTF-8"?>
<!-- Generated by org.testng.reporters.JUnitXMLReporter -->
<testsuite hostname="ushas-MacBook-Air.local" ignored="0" name="Regression suite 1" tests="2" failures="0" timestamp="13 May 2017 19:08:37 GMT" time="9.484" errors="0">
  <testcase name="feature" time="8.697" classname="cucumber.api.testng.AbstractTestNGCucumberTests"/>
  <testcase name="feature" time="9.071" classname="cucumber.api.testng.AbstractTestNGCucumberTests"/>
</testsuite> <!-- Regression suite 1 -->
